#
# There is insufficient memory for the Java Runtime Environment to continue.
# Native memory allocation (malloc) failed to allocate 32744 bytes for ChunkPool::allocate
# Possible reasons:
#   The system is out of physical RAM or swap space
#   In 32 bit mode, the process size limit was hit
# Possible solutions:
#   Reduce memory load on the system
#   Increase physical memory or swap space
#   Check if swap backing store is full
#   Use 64 bit Java on a 64 bit OS
#   Decrease Java heap size (-Xmx/-Xms)
#   Decrease number of Java threads
#   Decrease Java thread stack sizes (-Xss)
#   Set larger code cache with -XX:ReservedCodeCacheSize=
# This output file may be truncated or incomplete.
#
#  Out of Memory Error (allocation.cpp:273), pid=26740, tid=0x000000000000686c
#
# JRE version: Java(TM) SE Runtime Environment (8.0_131-b11) (build 1.8.0_131-b11)
# Java VM: Java HotSpot(TM) 64-Bit Server VM (25.131-b11 mixed mode windows-amd64 compressed oops)
# Failed to write core dump. Minidumps are not enabled by default on client versions of Windows
#

---------------  T H R E A D  ---------------

Current thread (0x0000000002f0e000):  JavaThread "main" [_thread_in_vm, id=26732, stack(0x0000000003330000,0x0000000003430000)]

Stack: [0x0000000003330000,0x0000000003430000]
[error occurred during error reporting (printing stack bounds), id 0xc0000005]

Native frames: (J=compiled Java code, j=interpreted, Vv=VM code, C=native code)

Java frames: (J=compiled Java code, j=interpreted, Vv=VM code)
J 171  java.lang.ClassLoader.findLoadedClass0(Ljava/lang/String;)Ljava/lang/Class; (0 bytes) @ 0x00000000036959cf [0x0000000003695980+0x4f]
J 296 C1 java.lang.ClassLoader.loadClass(Ljava/lang/String;Z)Ljava/lang/Class; (122 bytes) @ 0x00000000036fbc8c [0x00000000036fb920+0x36c]
j  org.codehaus.plexus.classworlds.realm.ClassRealm.unsynchronizedLoadClass(Ljava/lang/String;Z)Ljava/lang/Class;+3
j  org.codehaus.plexus.classworlds.realm.ClassRealm.loadClass(Ljava/lang/String;Z)Ljava/lang/Class;+9
j  org.codehaus.plexus.classworlds.realm.ClassRealm.loadClass(Ljava/lang/String;)Ljava/lang/Class;+3
v  ~StubRoutines::call_stub
j  java.lang.ClassLoader.defineClass1(Ljava/lang/String;[BIILjava/security/ProtectionDomain;Ljava/lang/String;)Ljava/lang/Class;+0
j  java.lang.ClassLoader.defineClass(Ljava/lang/String;[BIILjava/security/ProtectionDomain;)Ljava/lang/Class;+27
j  java.security.SecureClassLoader.defineClass(Ljava/lang/String;[BIILjava/security/CodeSource;)Ljava/lang/Class;+12
j  java.net.URLClassLoader.defineClass(Ljava/lang/String;Lsun/misc/Resource;)Ljava/lang/Class;+138
j  java.net.URLClassLoader.access$100(Ljava/net/URLClassLoader;Ljava/lang/String;Lsun/misc/Resource;)Ljava/lang/Class;+3
j  java.net.URLClassLoader$1.run()Ljava/lang/Class;+43
j  java.net.URLClassLoader$1.run()Ljava/lang/Object;+1
v  ~StubRoutines::call_stub
J 269  java.security.AccessController.doPrivileged(Ljava/security/PrivilegedExceptionAction;Ljava/security/AccessControlContext;)Ljava/lang/Object; (0 bytes) @ 0x00000000036e1426 [0x00000000036e13c0+0x66]
J 355 C1 java.net.URLClassLoader.findClass(Ljava/lang/String;)Ljava/lang/Class; (47 bytes) @ 0x0000000003724604 [0x0000000003724480+0x184]
j  org.codehaus.plexus.classworlds.realm.ClassRealm.loadClassFromSelf(Ljava/lang/String;)Ljava/lang/Class;+20
j  org.codehaus.plexus.classworlds.strategy.SelfFirstStrategy.loadClass(Ljava/lang/String;)Ljava/lang/Class;+18
j  org.codehaus.plexus.classworlds.realm.ClassRealm.unsynchronizedLoadClass(Ljava/lang/String;Z)Ljava/lang/Class;+13
j  org.codehaus.plexus.classworlds.realm.ClassRealm.loadClass(Ljava/lang/String;Z)Ljava/lang/Class;+9
j  org.codehaus.plexus.classworlds.realm.ClassRealm.loadClass(Ljava/lang/String;)Ljava/lang/Class;+3
v  ~StubRoutines::call_stub
j  org.apache.maven.cli.MavenCli.container(Lorg/apache/maven/cli/CliRequest;)Lorg/codehaus/plexus/PlexusContainer;+100
j  org.apache.maven.cli.MavenCli.doMain(Lorg/apache/maven/cli/CliRequest;)I+29
j  org.apache.maven.cli.MavenCli.main([Ljava/lang/String;Lorg/codehaus/plexus/classworlds/ClassWorld;)I+24
v  ~StubRoutines::call_stub
j  sun.reflect.NativeMethodAccessorImpl.invoke0(Ljava/lang/reflect/Method;Ljava/lang/Object;[Ljava/lang/Object;)Ljava/lang/Object;+0
j  sun.reflect.NativeMethodAccessorImpl.invoke(Ljava/lang/Object;[Ljava/lang/Object;)Ljava/lang/Object;+100
j  sun.reflect.DelegatingMethodAccessorImpl.invoke(Ljava/lang/Object;[Ljava/lang/Object;)Ljava/lang/Object;+6
j  java.lang.reflect.Method.invoke(Ljava/lang/Object;[Ljava/lang/Object;)Ljava/lang/Object;+56
j  org.codehaus.plexus.classworlds.launcher.Launcher.launchEnhanced([Ljava/lang/String;)V+45
j  org.codehaus.plexus.classworlds.launcher.Launcher.launch([Ljava/lang/String;)V+2
j  org.codehaus.plexus.classworlds.launcher.Launcher.mainWithExitCode([Ljava/lang/String;)I+101
j  org.codehaus.plexus.classworlds.launcher.Launcher.main([Ljava/lang/String;)V+1
j  org.codehaus.classworlds.Launcher.main([Ljava/lang/String;)V+1
v  ~StubRoutines::call_stub

---------------  P R O C E S S  ---------------

Java Threads: ( => current thread )
  0x0000000019294800 JavaThread "Service Thread" daemon [_thread_blocked, id=18508, stack(0x0000000019b10000,0x0000000019c10000)]
  0x000000001921b000 JavaThread "C1 CompilerThread2" daemon [_thread_in_native, id=15876, stack(0x0000000019a10000,0x0000000019b10000)]
  0x0000000017f0d800 JavaThread "C2 CompilerThread1" daemon [_thread_in_native, id=22208, stack(0x0000000019910000,0x0000000019a10000)]
  0x0000000017f0b800 JavaThread "C2 CompilerThread0" daemon [_thread_in_native, id=25592, stack(0x0000000019810000,0x0000000019910000)]
  0x0000000017ebf800 JavaThread "Attach Listener" daemon [_thread_blocked, id=18856, stack(0x0000000019710000,0x0000000019810000)]
  0x0000000019218800 JavaThread "Signal Dispatcher" daemon [_thread_blocked, id=13452, stack(0x0000000019610000,0x0000000019710000)]
  0x000000000352c000 JavaThread "Finalizer" daemon [_thread_blocked, id=20212, stack(0x0000000019110000,0x0000000019210000)]
  0x0000000003521000 JavaThread "Reference Handler" daemon [_thread_blocked, id=26640, stack(0x0000000019010000,0x0000000019110000)]
=>0x0000000002f0e000 JavaThread "main" [_thread_in_vm, id=26732, stack(0x0000000003330000,0x0000000003430000)]

Other Threads:
  0x0000000017e78000 VMThread [stack: 0x0000000018f10000,0x0000000019010000] [id=4084]
  0x00000000192d5800 WatcherThread [stack: 0x0000000019c10000,0x0000000019d10000] [id=21244]

VM state:not at safepoint (normal execution)

VM Mutex/Monitor currently owned by a thread: None

Heap:
 PSYoungGen      total 36864K, used 9545K [0x00000000d6d80000, 0x00000000d9680000, 0x0000000100000000)
  eden space 31744K, 30% used [0x00000000d6d80000,0x00000000d76d25e8,0x00000000d8c80000)
  from space 5120K, 0% used [0x00000000d9180000,0x00000000d9180000,0x00000000d9680000)
  to   space 5120K, 0% used [0x00000000d8c80000,0x00000000d8c80000,0x00000000d9180000)
 ParOldGen       total 84992K, used 0K [0x0000000084800000, 0x0000000089b00000, 0x00000000d6d80000)
  object space 84992K, 0% used [0x0000000084800000,0x0000000084800000,0x0000000089b00000)
 Metaspace       used 5969K, capacity 6152K, committed 6400K, reserved 1056768K
  class space    used 635K, capacity 668K, committed 768K, reserved 1048576K

Card table byte_map: [0x00000000128f0000,0x0000000012cd0000] byte_map_base: 0x00000000124cc000

Marking Bits: (ParMarkBitMap*) 0x000000006fa2c720
 Begin Bits: [0x0000000013370000, 0x0000000015250000)
 End Bits:   [0x0000000015250000, 0x0000000017130000)

Polling page: 0x00000000012b0000

CodeCache: size=245760Kb used=2127Kb max_used=2144Kb free=243632Kb
 bounds [0x0000000003530000, 0x00000000037a0000, 0x0000000012530000]
 total_blobs=693 nmethods=387 adapters=219
 compilation: enabled

Compilation events (10 events):
Event: 1.599 Thread 0x000000001921b000 nmethod 384 0x000000000373c3d0 code [0x000000000373c520, 0x000000000373c6d0]
Event: 1.599 Thread 0x000000001921b000  386       2       java.util.ArrayList::elementData (7 bytes)
Event: 1.599 Thread 0x000000001921b000 nmethod 386 0x000000000373e610 code [0x000000000373e760, 0x000000000373e8d0]
Event: 1.599 Thread 0x000000001921b000  388       2       java.util.ArrayList::get (11 bytes)
Event: 1.600 Thread 0x000000001921b000 nmethod 388 0x000000000373e050 code [0x000000000373e1c0, 0x000000000373e418]
Event: 1.600 Thread 0x000000001921b000  387       3       org.codehaus.plexus.util.xml.pull.MXParser::isNameChar (63 bytes)
Event: 1.600 Thread 0x000000001921b000 nmethod 387 0x0000000003740610 code [0x0000000003740780, 0x0000000003740b10]
Event: 1.600 Thread 0x000000001921b000  389       3       java.util.AbstractList::<init> (10 bytes)
Event: 1.600 Thread 0x000000001921b000 nmethod 389 0x00000000037401d0 code [0x0000000003740340, 0x0000000003740550]
Event: 1.600 Thread 0x000000001921b000  390       3       org.codehaus.plexus.util.xml.pull.MXParser::nextImpl (1202 bytes)

GC Heap History (0 events):
No events

Deoptimization events (0 events):
No events

Internal exceptions (6 events):
Event: 0.034 Thread 0x0000000002f0e000 Exception <a 'java/lang/NoSuchMethodError': Method sun.misc.Unsafe.defineClass(Ljava/lang/String;[BII)Ljava/lang/Class; name or signature does not match> (0x00000000d6d87ca8) thrown at [C:\re\workspace\8-2-build-windows-amd64-cygwin\jdk8u131\8869\hotspot\
Event: 0.034 Thread 0x0000000002f0e000 Exception <a 'java/lang/NoSuchMethodError': Method sun.misc.Unsafe.prefetchRead(Ljava/lang/Object;J)V name or signature does not match> (0x00000000d6d87f90) thrown at [C:\re\workspace\8-2-build-windows-amd64-cygwin\jdk8u131\8869\hotspot\src\share\vm\prims
Event: 0.208 Thread 0x0000000002f0e000 Exception <a 'java/security/PrivilegedActionException'> (0x00000000d71728a0) thrown at [C:\re\workspace\8-2-build-windows-amd64-cygwin\jdk8u131\8869\hotspot\src\share\vm\prims\jvm.cpp, line 1390]
Event: 0.208 Thread 0x0000000002f0e000 Exception <a 'java/security/PrivilegedActionException'> (0x00000000d7172c98) thrown at [C:\re\workspace\8-2-build-windows-amd64-cygwin\jdk8u131\8869\hotspot\src\share\vm\prims\jvm.cpp, line 1390]
Event: 0.208 Thread 0x0000000002f0e000 Exception <a 'java/security/PrivilegedActionException'> (0x00000000d7174eb8) thrown at [C:\re\workspace\8-2-build-windows-amd64-cygwin\jdk8u131\8869\hotspot\src\share\vm\prims\jvm.cpp, line 1390]
Event: 0.208 Thread 0x0000000002f0e000 Exception <a 'java/security/PrivilegedActionException'> (0x00000000d71752b0) thrown at [C:\re\workspace\8-2-build-windows-amd64-cygwin\jdk8u131\8869\hotspot\src\share\vm\prims\jvm.cpp, line 1390]

Events (10 events):
Event: 1.591 loading class java/io/UnsupportedEncodingException
Event: 1.591 loading class java/io/UnsupportedEncodingException done
Event: 1.592 loading class java/io/EOFException
Event: 1.592 loading class java/io/EOFException done
Event: 1.597 loading class org/codehaus/plexus/util/xml/Xpp3Dom
Event: 1.597 loading class org/codehaus/plexus/util/xml/Xpp3Dom done
Event: 1.598 loading class org/codehaus/plexus/util/xml/XMLWriter
Event: 1.598 loading class org/codehaus/plexus/util/xml/XMLWriter done
Event: 1.601 loading class org/codehaus/plexus/DefaultContainerConfiguration
Event: 1.601 loading class org/codehaus/plexus/DefaultContainerConfiguration done


Dynamic libraries:
0x00007ff7387c0000 - 0x00007ff7387f7000 	F:\jdk1.8\bin\java.exe
0x00007ffb3e1c0000 - 0x00007ffb3e3b0000 	C:\WINDOWS\SYSTEM32\ntdll.dll
0x00007ffb3d980000 - 0x00007ffb3da32000 	C:\WINDOWS\System32\KERNEL32.DLL
0x00007ffb3bdf0000 - 0x00007ffb3c094000 	C:\WINDOWS\System32\KERNELBASE.dll
0x00007ffb3c9d0000 - 0x00007ffb3ca73000 	C:\WINDOWS\System32\ADVAPI32.dll
0x00007ffb3d3c0000 - 0x00007ffb3d45e000 	C:\WINDOWS\System32\msvcrt.dll
0x00007ffb3cab0000 - 0x00007ffb3cb47000 	C:\WINDOWS\System32\sechost.dll
0x00007ffb3d7e0000 - 0x00007ffb3d900000 	C:\WINDOWS\System32\RPCRT4.dll
0x00007ffb3c3b0000 - 0x00007ffb3c544000 	C:\WINDOWS\System32\USER32.dll
0x00007ffb3c240000 - 0x00007ffb3c261000 	C:\WINDOWS\System32\win32u.dll
0x00007ffb3ca80000 - 0x00007ffb3caa6000 	C:\WINDOWS\System32\GDI32.dll
0x00007ffb3c0a0000 - 0x00007ffb3c235000 	C:\WINDOWS\System32\gdi32full.dll
0x00007ffb3b900000 - 0x00007ffb3b99e000 	C:\WINDOWS\System32\msvcp_win.dll
0x00007ffb3bba0000 - 0x00007ffb3bc9a000 	C:\WINDOWS\System32\ucrtbase.dll
0x00007ffb24530000 - 0x00007ffb247b4000 	C:\WINDOWS\WinSxS\amd64_microsoft.windows.common-controls_6595b64144ccf1df_6.0.18362.900_none_e6beb9d913147d17\COMCTL32.dll
0x00007ffb3c690000 - 0x00007ffb3c9c5000 	C:\WINDOWS\System32\combase.dll
0x00007ffb3ba70000 - 0x00007ffb3baf0000 	C:\WINDOWS\System32\bcryptPrimitives.dll
0x00007ffb3c2d0000 - 0x00007ffb3c2fe000 	C:\WINDOWS\System32\IMM32.DLL
0x000000006fab0000 - 0x000000006fb82000 	F:\jdk1.8\jre\bin\msvcr100.dll
0x000000006f210000 - 0x000000006faac000 	F:\jdk1.8\jre\bin\server\jvm.dll
0x00007ffb3db80000 - 0x00007ffb3db88000 	C:\WINDOWS\System32\PSAPI.DLL
0x00007ffb33990000 - 0x00007ffb33999000 	C:\WINDOWS\SYSTEM32\WSOCK32.dll
0x00007ffb3db90000 - 0x00007ffb3dbff000 	C:\WINDOWS\System32\WS2_32.dll
0x00007ffb2dc80000 - 0x00007ffb2dc8a000 	C:\WINDOWS\SYSTEM32\VERSION.dll
0x00007ffb38690000 - 0x00007ffb386b4000 	C:\WINDOWS\SYSTEM32\WINMM.dll
0x00007ffb38660000 - 0x00007ffb3868d000 	C:\WINDOWS\SYSTEM32\winmmbase.dll
0x00007ffb3bb50000 - 0x00007ffb3bb9a000 	C:\WINDOWS\System32\cfgmgr32.dll
0x000000006f200000 - 0x000000006f20f000 	F:\jdk1.8\jre\bin\verify.dll
0x000000006f1d0000 - 0x000000006f1f9000 	F:\jdk1.8\jre\bin\java.dll
0x000000006f1b0000 - 0x000000006f1c6000 	F:\jdk1.8\jre\bin\zip.dll
0x00007ffb3cc20000 - 0x00007ffb3d306000 	C:\WINDOWS\System32\SHELL32.dll
0x00007ffb3d310000 - 0x00007ffb3d3b9000 	C:\WINDOWS\System32\shcore.dll
0x00007ffb3b150000 - 0x00007ffb3b8d0000 	C:\WINDOWS\System32\windows.storage.dll
0x00007ffb3b0b0000 - 0x00007ffb3b0d3000 	C:\WINDOWS\System32\profapi.dll
0x00007ffb3b0e0000 - 0x00007ffb3b12a000 	C:\WINDOWS\System32\powrprof.dll
0x00007ffb3b080000 - 0x00007ffb3b090000 	C:\WINDOWS\System32\UMPDC.dll
0x00007ffb3c550000 - 0x00007ffb3c5a2000 	C:\WINDOWS\System32\shlwapi.dll
0x00007ffb3b090000 - 0x00007ffb3b0a1000 	C:\WINDOWS\System32\kernel.appcore.dll
0x00007ffb3ba50000 - 0x00007ffb3ba67000 	C:\WINDOWS\System32\cryptsp.dll
0x00007ffb3a3d0000 - 0x00007ffb3a403000 	C:\WINDOWS\system32\rsaenh.dll
0x00007ffb3b8d0000 - 0x00007ffb3b8f6000 	C:\WINDOWS\System32\bcrypt.dll
0x00007ffb3afa0000 - 0x00007ffb3afc5000 	C:\WINDOWS\SYSTEM32\USERENV.dll
0x00007ffb3aa30000 - 0x00007ffb3aa3c000 	C:\WINDOWS\SYSTEM32\CRYPTBASE.dll
0x000000006f190000 - 0x000000006f1aa000 	F:\jdk1.8\jre\bin\net.dll
0x00007ffb3a860000 - 0x00007ffb3a8c7000 	C:\WINDOWS\system32\mswsock.dll
0x00007ffb3a570000 - 0x00007ffb3a5aa000 	C:\WINDOWS\SYSTEM32\IPHLPAPI.DLL
0x00007ffb3d620000 - 0x00007ffb3d628000 	C:\WINDOWS\System32\NSI.dll
0x00007ffb30860000 - 0x00007ffb30876000 	C:\WINDOWS\SYSTEM32\dhcpcsvc6.DLL
0x00007ffb30620000 - 0x00007ffb3063c000 	C:\WINDOWS\SYSTEM32\dhcpcsvc.DLL
0x00007ffb3a5b0000 - 0x00007ffb3a67b000 	C:\WINDOWS\SYSTEM32\DNSAPI.dll
0x000000006f170000 - 0x000000006f181000 	F:\jdk1.8\jre\bin\nio.dll
0x00007ffb388a0000 - 0x00007ffb388aa000 	C:\Users\1737783319\AppData\Local\Temp\jansi-1.17.1-2533420409418255515.dll
0x00007ffb34d00000 - 0x00007ffb34d0a000 	C:\Users\1737783319\AppData\Local\Temp\jansi-1.17.1-2556290189665262015.dll

VM Arguments:
jvm_args: -Dmaven.multiModuleProjectDirectory=E:\360MoveData\Users\1737783319\Desktop\lab\OrderingSystem710\orderingsystem-productservice -Dmaven.wagon.http.ssl.insecure=true -Dmaven.wagon.http.ssl.allowall=true -Dmaven.wagon.http.ssl.ignore.validity.dates=true -Dmaven.home=F:\idea\IntelliJ IDEA 2019.2.2\plugins\maven\lib\maven3 -Dclassworlds.conf=F:\idea\IntelliJ IDEA 2019.2.2\plugins\maven\lib\maven3\bin\m2.conf -Dmaven.ext.class.path=F:\idea\IntelliJ IDEA 2019.2.2\plugins\maven\lib\maven-event-listener.jar -Dfile.encoding=UTF-8 
java_command: org.codehaus.classworlds.Launcher -Didea.version2019.2.2 -s F:\idea\IntelliJ IDEA 2019.2.2\plugins\maven\lib\maven3\conf\settings.xml -Dmaven.repo.local=F:\mavenRespository -DskipTests=true install
java_class_path (initial): F:\idea\IntelliJ IDEA 2019.2.2\plugins\maven\lib\maven3\boot\plexus-classworlds-2.6.0.jar
Launcher Type: SUN_STANDARD

Environment Variables:
JAVA_HOME=F:\jdk1.8
PATH=F:\PYTHON3.7\Scripts\;F:\PYTHON3.7\;F:\mingGw\bin;C:\Program Files\Microsoft MPI\Bin\;F:\jdk1.8\bin;F:\maven\apache-maven-3.6.3\bin;C:\WINDOWS\system32;C:\WINDOWS;C:\WINDOWS\System32\Wbem;C:\WINDOWS\System32\WindowsPowerShell\v1.0\;C:\WINDOWS\System32\OpenSSH\;C:\Program Files\dotnet\;C:\Program Files\Microsoft SQL Server\130\Tools\Binn\;F:\CodeBlocks\MinGW\bin;F:\gIT\Git\cmd;F:\tor\bin;C:\Program Files (x86)\Microsoft SQL Server\140\Tools\Binn\;C:\Program Files\Microsoft SQL Server\140\Tools\Binn\;C:\Program Files (x86)\Microsoft SQL Server\140\DTS\Binn\;C:\Program Files\Microsoft SQL Server\140\DTS\Binn\;C:\Program Files\Microsoft SQL Server\Client SDK\ODBC\130\Tools\Binn\;F:\matlab\runtime\win64;F:\matlab\bin;C:\Program Files (x86)\Microsoft SQL Server\150\DTS\Binn\;F:\Cmake\bin;F:\nodejs\node_modules;F:\node\;C:\Users\1737783319\AppData\Roaming\npm;F:\scala2_13\scala\bin;F:\python2;G:\vagrant\bin;C:\Program Files\MySQL\MySQL Shell 8.0\bin\;F:\GUN\Microsoft VS Code\bin;F:\clion\CLion 2019.2.4\bin;;C:\Users\1737783319\AppData\Roaming\npm
USERNAME=1737783319
OS=Windows_NT
PROCESSOR_IDENTIFIER=Intel64 Family 6 Model 158 Stepping 9, GenuineIntel



---------------  S Y S T E M  ---------------

OS: Windows 10.0 , 64 bit Build 18362 (10.0.18362.900)

CPU:total 4 (initial active 4) (4 cores per cpu, 1 threads per core) family 6 model 158 stepping 9, cmov, cx8, fxsr, mmx, sse, sse2, sse3, ssse3, sse4.1, sse4.2, popcnt, avx, avx2, aes, clmul, erms, 3dnowpref, lzcnt, tsc, tscinvbit, bmi1, bmi2, adx

Memory: 4k page, physical 8088216k(1028380k free), swap 15689748k(4140k free)

vm_info: Java HotSpot(TM) 64-Bit Server VM (25.131-b11) for windows-amd64 JRE (1.8.0_131-b11), built on Mar 15 2017 01:23:53 by "java_re" with MS VC++ 10.0 (VS2010)

time: Mon Jul 13 23:00:22 2020
elapsed time: 1 seconds (0d 0h 0m 1s)

