#
# There is insufficient memory for the Java Runtime Environment to continue.
# Native memory allocation (malloc) failed to allocate 1048576 bytes for AllocateHeap
# Possible reasons:
#   The system is out of physical RAM or swap space
#   In 32 bit mode, the process size limit was hit
# Possible solutions:
#   Reduce memory load on the system
#   Increase physical memory or swap space
#   Check if swap backing store is full
#   Use 64 bit Java on a 64 bit OS
#   Decrease Java heap size (-Xmx/-Xms)
#   Decrease number of Java threads
#   Decrease Java thread stack sizes (-Xss)
#   Set larger code cache with -XX:ReservedCodeCacheSize=
# This output file may be truncated or incomplete.
#
#  Out of Memory Error (memory/allocation.inline.hpp:61), pid=29908, tid=0x00000000000079dc
#
# JRE version:  (8.0_131-b11) (build )
# Java VM: Java HotSpot(TM) 64-Bit Server VM (25.131-b11 mixed mode windows-amd64 compressed oops)
# Failed to write core dump. Minidumps are not enabled by default on client versions of Windows
#

---------------  T H R E A D  ---------------

Current thread (0x000000000336e000):  JavaThread "Unknown thread" [_thread_in_vm, id=31196, stack(0x0000000002d40000,0x0000000002e40000)]

Stack: [0x0000000002d40000,0x0000000002e40000]
[error occurred during error reporting (printing stack bounds), id 0xc0000005]

Native frames: (J=compiled Java code, j=interpreted, Vv=VM code, C=native code)


---------------  P R O C E S S  ---------------

Java Threads: ( => current thread )

Other Threads:

=>0x000000000336e000 (exited) JavaThread "Unknown thread" [_thread_in_vm, id=31196, stack(0x0000000002d40000,0x0000000002e40000)]

VM state:not at safepoint (normal execution)

VM Mutex/Monitor currently owned by a thread: None

Heap:
 PSYoungGen      total 36864K, used 634K [0x00000000d6d80000, 0x00000000d9680000, 0x0000000100000000)
  eden space 31744K, 2% used [0x00000000d6d80000,0x00000000d6e1eb90,0x00000000d8c80000)
  from space 5120K, 0% used [0x00000000d9180000,0x00000000d9180000,0x00000000d9680000)
  to   space 5120K, 0% used [0x00000000d8c80000,0x00000000d8c80000,0x00000000d9180000)
 ParOldGen       total 84992K, used 0K [0x0000000084800000, 0x0000000089b00000, 0x00000000d6d80000)
  object space 84992K, 0% used [0x0000000084800000,0x0000000084800000,0x0000000089b00000)
 Metaspace       used 770K, capacity 4480K, committed 4480K, reserved 1056768K
  class space    used 75K, capacity 384K, committed 384K, reserved 1048576K

Card table byte_map: [0x0000000012730000,0x0000000012b10000] byte_map_base: 0x000000001230c000

Marking Bits: (ParMarkBitMap*) 0x000000006fa2c720
 Begin Bits: [0x00000000131b0000, 0x0000000015090000)
 End Bits:   [0x0000000015090000, 0x0000000016f70000)

Polling page: 0x00000000016c0000

CodeCache: size=245760Kb used=328Kb max_used=328Kb free=245431Kb
 bounds [0x0000000003370000, 0x00000000035e0000, 0x0000000012370000]
 total_blobs=58 nmethods=0 adapters=38
 compilation: enabled

Compilation events (0 events):
No events

GC Heap History (0 events):
No events

Deoptimization events (0 events):
No events

Internal exceptions (0 events):
No events

Events (10 events):
Event: 0.029 loading class java/lang/Short
Event: 0.029 loading class java/lang/Short done
Event: 0.029 loading class java/lang/Integer
Event: 0.029 loading class java/lang/Integer done
Event: 0.029 loading class java/lang/Long
Event: 0.029 loading class java/lang/Long done
Event: 0.029 loading class java/lang/NullPointerException
Event: 0.029 loading class java/lang/NullPointerException done
Event: 0.029 loading class java/lang/ArithmeticException
Event: 0.029 loading class java/lang/ArithmeticException done


Dynamic libraries:
0x00007ff7387c0000 - 0x00007ff7387f7000 	F:\jdk1.8\bin\java.exe
0x00007ffb3e1c0000 - 0x00007ffb3e3b0000 	C:\WINDOWS\SYSTEM32\ntdll.dll
0x00007ffb3d980000 - 0x00007ffb3da32000 	C:\WINDOWS\System32\KERNEL32.DLL
0x00007ffb3bdf0000 - 0x00007ffb3c094000 	C:\WINDOWS\System32\KERNELBASE.dll
0x00007ffb3c9d0000 - 0x00007ffb3ca73000 	C:\WINDOWS\System32\ADVAPI32.dll
0x00007ffb3d3c0000 - 0x00007ffb3d45e000 	C:\WINDOWS\System32\msvcrt.dll
0x00007ffb3cab0000 - 0x00007ffb3cb47000 	C:\WINDOWS\System32\sechost.dll
0x00007ffb3d7e0000 - 0x00007ffb3d900000 	C:\WINDOWS\System32\RPCRT4.dll
0x00007ffb3c3b0000 - 0x00007ffb3c544000 	C:\WINDOWS\System32\USER32.dll
0x00007ffb3c240000 - 0x00007ffb3c261000 	C:\WINDOWS\System32\win32u.dll
0x00007ffb3ca80000 - 0x00007ffb3caa6000 	C:\WINDOWS\System32\GDI32.dll
0x00007ffb3c0a0000 - 0x00007ffb3c235000 	C:\WINDOWS\System32\gdi32full.dll
0x00007ffb3b900000 - 0x00007ffb3b99e000 	C:\WINDOWS\System32\msvcp_win.dll
0x00007ffb3bba0000 - 0x00007ffb3bc9a000 	C:\WINDOWS\System32\ucrtbase.dll
0x00007ffb24530000 - 0x00007ffb247b4000 	C:\WINDOWS\WinSxS\amd64_microsoft.windows.common-controls_6595b64144ccf1df_6.0.18362.900_none_e6beb9d913147d17\COMCTL32.dll
0x00007ffb3c690000 - 0x00007ffb3c9c5000 	C:\WINDOWS\System32\combase.dll
0x00007ffb3ba70000 - 0x00007ffb3baf0000 	C:\WINDOWS\System32\bcryptPrimitives.dll
0x00007ffb3c2d0000 - 0x00007ffb3c2fe000 	C:\WINDOWS\System32\IMM32.DLL
0x000000006fab0000 - 0x000000006fb82000 	F:\jdk1.8\jre\bin\msvcr100.dll
0x000000006f210000 - 0x000000006faac000 	F:\jdk1.8\jre\bin\server\jvm.dll
0x00007ffb3db80000 - 0x00007ffb3db88000 	C:\WINDOWS\System32\PSAPI.DLL
0x00007ffb33990000 - 0x00007ffb33999000 	C:\WINDOWS\SYSTEM32\WSOCK32.dll
0x00007ffb3db90000 - 0x00007ffb3dbff000 	C:\WINDOWS\System32\WS2_32.dll
0x00007ffb38690000 - 0x00007ffb386b4000 	C:\WINDOWS\SYSTEM32\WINMM.dll
0x00007ffb2dc80000 - 0x00007ffb2dc8a000 	C:\WINDOWS\SYSTEM32\VERSION.dll
0x00007ffb38660000 - 0x00007ffb3868d000 	C:\WINDOWS\SYSTEM32\WINMMBASE.dll
0x00007ffb3bb50000 - 0x00007ffb3bb9a000 	C:\WINDOWS\System32\cfgmgr32.dll
0x000000006f200000 - 0x000000006f20f000 	F:\jdk1.8\jre\bin\verify.dll
0x000000006f1d0000 - 0x000000006f1f9000 	F:\jdk1.8\jre\bin\java.dll
0x000000006f1b0000 - 0x000000006f1c6000 	F:\jdk1.8\jre\bin\zip.dll

VM Arguments:
jvm_args: -Dmaven.multiModuleProjectDirectory=E:\360MoveData\Users\1737783319\Desktop\lab\OrderingSystem710\orderingsystem-productservice -Dmaven.wagon.http.ssl.insecure=true -Dmaven.wagon.http.ssl.allowall=true -Dmaven.wagon.http.ssl.ignore.validity.dates=true -Dmaven.home=F:\idea\IntelliJ IDEA 2019.2.2\plugins\maven\lib\maven3 -Dclassworlds.conf=F:\idea\IntelliJ IDEA 2019.2.2\plugins\maven\lib\maven3\bin\m2.conf -Dmaven.ext.class.path=F:\idea\IntelliJ IDEA 2019.2.2\plugins\maven\lib\maven-event-listener.jar -Dfile.encoding=UTF-8 
java_command: org.codehaus.classworlds.Launcher -Didea.version2019.2.2 -s F:\idea\IntelliJ IDEA 2019.2.2\plugins\maven\lib\maven3\conf\settings.xml -Dmaven.repo.local=F:\mavenRespository -DskipTests=true install
java_class_path (initial): F:\idea\IntelliJ IDEA 2019.2.2\plugins\maven\lib\maven3\boot\plexus-classworlds-2.6.0.jar
Launcher Type: SUN_STANDARD

Environment Variables:
JAVA_HOME=F:\jdk1.8
PATH=F:\PYTHON3.7\Scripts\;F:\PYTHON3.7\;F:\mingGw\bin;C:\Program Files\Microsoft MPI\Bin\;F:\jdk1.8\bin;F:\maven\apache-maven-3.6.3\bin;C:\WINDOWS\system32;C:\WINDOWS;C:\WINDOWS\System32\Wbem;C:\WINDOWS\System32\WindowsPowerShell\v1.0\;C:\WINDOWS\System32\OpenSSH\;C:\Program Files\dotnet\;C:\Program Files\Microsoft SQL Server\130\Tools\Binn\;F:\CodeBlocks\MinGW\bin;F:\gIT\Git\cmd;F:\tor\bin;C:\Program Files (x86)\Microsoft SQL Server\140\Tools\Binn\;C:\Program Files\Microsoft SQL Server\140\Tools\Binn\;C:\Program Files (x86)\Microsoft SQL Server\140\DTS\Binn\;C:\Program Files\Microsoft SQL Server\140\DTS\Binn\;C:\Program Files\Microsoft SQL Server\Client SDK\ODBC\130\Tools\Binn\;F:\matlab\runtime\win64;F:\matlab\bin;C:\Program Files (x86)\Microsoft SQL Server\150\DTS\Binn\;F:\Cmake\bin;F:\nodejs\node_modules;F:\node\;C:\Users\1737783319\AppData\Roaming\npm;F:\scala2_13\scala\bin;F:\python2;G:\vagrant\bin;C:\Program Files\MySQL\MySQL Shell 8.0\bin\;F:\GUN\Microsoft VS Code\bin;F:\clion\CLion 2019.2.4\bin;;C:\Users\1737783319\AppData\Roaming\npm
USERNAME=1737783319
OS=Windows_NT
PROCESSOR_IDENTIFIER=Intel64 Family 6 Model 158 Stepping 9, GenuineIntel



---------------  S Y S T E M  ---------------

OS: Windows 10.0 , 64 bit Build 18362 (10.0.18362.900)

CPU:total 4 (initial active 4) (4 cores per cpu, 1 threads per core) family 6 model 158 stepping 9, cmov, cx8, fxsr, mmx, sse, sse2, sse3, ssse3, sse4.1, sse4.2, popcnt, avx, avx2, aes, clmul, erms, 3dnowpref, lzcnt, tsc, tscinvbit, bmi1, bmi2, adx

Memory: 4k page, physical 8088216k(949184k free), swap 15689748k(16160k free)

vm_info: Java HotSpot(TM) 64-Bit Server VM (25.131-b11) for windows-amd64 JRE (1.8.0_131-b11), built on Mar 15 2017 01:23:53 by "java_re" with MS VC++ 10.0 (VS2010)

time: Mon Jul 13 23:00:11 2020
elapsed time: 0 seconds (0d 0h 0m 0s)

